
> ai-assistant@1.0.0 start
> node server.js

в—‡ injected env (3) from .env // tip: вЊЃ auth for agents [www.vestauth.com]
рџљЂ Server running at http://localhost:5000
вћЎпёЏ Request: POST /process-email
вћЎпёЏ Request: POST /process-email
вћЎпёЏ Request: POST /process-email
вћЎпёЏ Request: POST /process-email
вћЎпёЏ Request: POST /process-email
вћЎпёЏ Request: POST /process-email
вћЎпёЏ Request: POST /process-email
вћЎпёЏ Request: POST /process-email
вћЎпёЏ Request: POST /process-email
вћЎпёЏ Request: POST /process-email
вћЎпёЏ Request: POST /process-email
вћЎпёЏ Request: POST /process-email
вћЎпёЏ Request: GET /health
вћЎпёЏ Request: POST /process-email
вћЎпёЏ Request: POST /process-email
вћЎпёЏ Request: POST /process-email
вћЎпёЏ Request: GET /health
вћЎпёЏ Request: POST /process-email
вћЎпёЏ Request: POST /process-email
вћЎпёЏ Request: POST /process-email
вћЎпёЏ Request: POST /process-email
